\BOOKMARK [0][-]{chapter.1}{Introduction}{}% 1
\BOOKMARK [1][-]{section.1.1}{General Task}{chapter.1}% 2
\BOOKMARK [0][-]{chapter.2}{Design Criteria}{}% 3
\BOOKMARK [0][-]{chapter.3}{Boundary Conditions}{}% 4
\BOOKMARK [1][-]{section.3.1}{Location}{chapter.3}% 5
\BOOKMARK [1][-]{section.3.2}{Subsoil}{chapter.3}% 6
\BOOKMARK [1][-]{section.3.3}{Bathymetry}{chapter.3}% 7
\BOOKMARK [1][-]{section.3.4}{Additional Water Level}{chapter.3}% 8
\BOOKMARK [1][-]{section.3.5}{Waves}{chapter.3}% 9
\BOOKMARK [2][-]{subsection.3.5.1}{Design storm}{section.3.5}% 10
\BOOKMARK [2][-]{subsection.3.5.2}{Near-shore Wave model}{section.3.5}% 11
\BOOKMARK [1][-]{section.3.6}{Reference levels}{chapter.3}% 12
\BOOKMARK [1][-]{section.3.7}{Summary}{chapter.3}% 13
\BOOKMARK [0][-]{chapter.4}{Design Calculations}{}% 14
\BOOKMARK [0][-]{chapter.5}{Drawing}{}% 15
\BOOKMARK [0][-]{chapter.6}{Construction Method and Planning}{}% 16
\BOOKMARK [0][-]{chapter.7}{Further Research and Validation}{}% 17
\BOOKMARK [0][-]{appendix.A}{Appendix A}{}% 18
\BOOKMARK [1][-]{subsection.A.0.1}{Wave-data check}{appendix.A}% 19
\BOOKMARK [0][-]{appendix*.10}{Bibliography}{}% 20
